{"/Users/rinkeshgolwala/Downloads/GildedRose-Refactoring-Kata-main/TypeScript/app/gilded-rose.ts": {"path":"/Users/rinkeshgolwala/Downloads/GildedRose-Refactoring-Kata-main/TypeScript/app/gilded-rose.ts","all":false,"statementMap":{"0":{"start":{"line":1,"column":0},"end":{"line":1,"column":19}},"1":{"start":{"line":2,"column":0},"end":{"line":2,"column":15}},"2":{"start":{"line":3,"column":0},"end":{"line":3,"column":17}},"3":{"start":{"line":4,"column":0},"end":{"line":4,"column":18}},"4":{"start":{"line":5,"column":0},"end":{"line":5,"column":0}},"5":{"start":{"line":6,"column":0},"end":{"line":6,"column":38}},"6":{"start":{"line":7,"column":0},"end":{"line":7,"column":21}},"7":{"start":{"line":8,"column":0},"end":{"line":8,"column":25}},"8":{"start":{"line":9,"column":0},"end":{"line":9,"column":27}},"9":{"start":{"line":10,"column":0},"end":{"line":10,"column":3}},"10":{"start":{"line":11,"column":0},"end":{"line":11,"column":1}},"11":{"start":{"line":12,"column":0},"end":{"line":12,"column":0}},"12":{"start":{"line":13,"column":0},"end":{"line":13,"column":25}},"13":{"start":{"line":14,"column":0},"end":{"line":14,"column":21}},"14":{"start":{"line":15,"column":0},"end":{"line":15,"column":0}},"15":{"start":{"line":16,"column":0},"end":{"line":16,"column":42}},"16":{"start":{"line":17,"column":0},"end":{"line":17,"column":23}},"17":{"start":{"line":18,"column":0},"end":{"line":18,"column":3}},"18":{"start":{"line":19,"column":0},"end":{"line":19,"column":0}},"19":{"start":{"line":20,"column":0},"end":{"line":20,"column":19}},"20":{"start":{"line":21,"column":0},"end":{"line":21,"column":36}},"21":{"start":{"line":22,"column":0},"end":{"line":22,"column":99}},"22":{"start":{"line":23,"column":0},"end":{"line":23,"column":31}},"23":{"start":{"line":24,"column":0},"end":{"line":24,"column":58}},"24":{"start":{"line":25,"column":0},"end":{"line":25,"column":43}},"25":{"start":{"line":26,"column":0},"end":{"line":26,"column":11}},"26":{"start":{"line":27,"column":0},"end":{"line":27,"column":51}},"27":{"start":{"line":28,"column":0},"end":{"line":28,"column":43}},"28":{"start":{"line":29,"column":0},"end":{"line":29,"column":11}},"29":{"start":{"line":30,"column":0},"end":{"line":30,"column":9}},"30":{"start":{"line":31,"column":0},"end":{"line":31,"column":14}},"31":{"start":{"line":32,"column":0},"end":{"line":32,"column":32}},"32":{"start":{"line":33,"column":0},"end":{"line":33,"column":41}},"33":{"start":{"line":34,"column":0},"end":{"line":34,"column":73}},"34":{"start":{"line":35,"column":0},"end":{"line":35,"column":35}},"35":{"start":{"line":36,"column":0},"end":{"line":36,"column":38}},"36":{"start":{"line":37,"column":0},"end":{"line":37,"column":47}},"37":{"start":{"line":38,"column":0},"end":{"line":38,"column":15}},"38":{"start":{"line":39,"column":0},"end":{"line":39,"column":13}},"39":{"start":{"line":40,"column":0},"end":{"line":40,"column":34}},"40":{"start":{"line":41,"column":0},"end":{"line":41,"column":38}},"41":{"start":{"line":42,"column":0},"end":{"line":42,"column":47}},"42":{"start":{"line":43,"column":0},"end":{"line":43,"column":15}},"43":{"start":{"line":44,"column":0},"end":{"line":44,"column":13}},"44":{"start":{"line":45,"column":0},"end":{"line":45,"column":11}},"45":{"start":{"line":46,"column":0},"end":{"line":46,"column":9}},"46":{"start":{"line":47,"column":0},"end":{"line":47,"column":7}},"47":{"start":{"line":48,"column":0},"end":{"line":48,"column":54}},"48":{"start":{"line":49,"column":0},"end":{"line":49,"column":38}},"49":{"start":{"line":50,"column":0},"end":{"line":50,"column":7}},"50":{"start":{"line":51,"column":0},"end":{"line":51,"column":28}},"51":{"start":{"line":52,"column":0},"end":{"line":52,"column":39}},"52":{"start":{"line":53,"column":0},"end":{"line":53,"column":73}},"53":{"start":{"line":54,"column":0},"end":{"line":54,"column":35}},"54":{"start":{"line":55,"column":0},"end":{"line":55,"column":63}},"55":{"start":{"line":56,"column":0},"end":{"line":56,"column":47}},"56":{"start":{"line":57,"column":0},"end":{"line":57,"column":77}},"57":{"start":{"line":58,"column":0},"end":{"line":58,"column":49}},"58":{"start":{"line":59,"column":0},"end":{"line":59,"column":17}},"59":{"start":{"line":60,"column":0},"end":{"line":60,"column":15}},"60":{"start":{"line":61,"column":0},"end":{"line":61,"column":13}},"61":{"start":{"line":62,"column":0},"end":{"line":62,"column":18}},"62":{"start":{"line":63,"column":0},"end":{"line":63,"column":54}},"63":{"start":{"line":64,"column":0},"end":{"line":64,"column":11}},"64":{"start":{"line":65,"column":0},"end":{"line":65,"column":16}},"65":{"start":{"line":66,"column":0},"end":{"line":66,"column":34}},"66":{"start":{"line":67,"column":0},"end":{"line":67,"column":43}},"67":{"start":{"line":68,"column":0},"end":{"line":68,"column":11}},"68":{"start":{"line":69,"column":0},"end":{"line":69,"column":9}},"69":{"start":{"line":70,"column":0},"end":{"line":70,"column":7}},"70":{"start":{"line":71,"column":0},"end":{"line":71,"column":5}},"71":{"start":{"line":72,"column":0},"end":{"line":72,"column":0}},"72":{"start":{"line":73,"column":0},"end":{"line":73,"column":22}},"73":{"start":{"line":74,"column":0},"end":{"line":74,"column":3}},"74":{"start":{"line":75,"column":0},"end":{"line":75,"column":1}}},"s":{"0":1,"1":1,"2":1,"3":1,"4":1,"5":1,"6":1,"7":1,"8":1,"9":12,"10":12,"11":12,"12":12,"13":12,"14":12,"15":12,"16":1,"17":1,"18":1,"19":1,"20":1,"21":1,"22":1,"23":1,"24":1,"25":1,"26":12,"27":12,"28":11,"29":11,"30":11,"31":12,"32":7,"33":7,"34":5,"35":7,"36":7,"37":3,"38":3,"39":7,"40":12,"41":5,"42":5,"43":5,"44":5,"45":5,"46":5,"47":5,"48":5,"49":4,"50":4,"51":3,"52":3,"53":3,"54":4,"55":4,"56":2,"57":2,"58":4,"59":5,"60":5,"61":12,"62":12,"63":10,"64":10,"65":12,"66":12,"67":4,"68":4,"69":4,"70":4,"71":4,"72":4,"73":4,"74":4},"branchMap":{"0":{"type":"branch","line":1,"loc":{"start":{"line":1,"column":0},"end":{"line":75,"column":1}},"locations":[{"start":{"line":1,"column":0},"end":{"line":75,"column":1}}]},"1":{"type":"branch","line":1,"loc":{"start":{"line":1,"column":0},"end":{"line":75,"column":1}},"locations":[{"start":{"line":1,"column":0},"end":{"line":75,"column":1}}]},"2":{"type":"branch","line":8,"loc":{"start":{"line":8,"column":12},"end":{"line":19,"column":0}},"locations":[{"start":{"line":8,"column":12},"end":{"line":19,"column":0}}]},"3":{"type":"branch","line":9,"loc":{"start":{"line":9,"column":4},"end":{"line":17,"column":9}},"locations":[{"start":{"line":9,"column":4},"end":{"line":17,"column":9}}]},"4":{"type":"branch","line":22,"loc":{"start":{"line":22,"column":0},"end":{"line":75,"column":1}},"locations":[{"start":{"line":22,"column":0},"end":{"line":75,"column":1}}]},"5":{"type":"branch","line":22,"loc":{"start":{"line":22,"column":18},"end":{"line":23,"column":26}},"locations":[{"start":{"line":22,"column":18},"end":{"line":23,"column":26}}]},"6":{"type":"branch","line":22,"loc":{"start":{"line":22,"column":77},"end":{"line":22,"column":92}},"locations":[{"start":{"line":22,"column":77},"end":{"line":22,"column":92}}]},"7":{"type":"branch","line":24,"loc":{"start":{"line":24,"column":36},"end":{"line":75,"column":1}},"locations":[{"start":{"line":24,"column":36},"end":{"line":75,"column":1}}]},"8":{"type":"branch","line":27,"loc":{"start":{"line":27,"column":-1},"end":{"line":75,"column":1}},"locations":[{"start":{"line":27,"column":-1},"end":{"line":75,"column":1}}]},"9":{"type":"branch","line":28,"loc":{"start":{"line":28,"column":22},"end":{"line":32,"column":1}},"locations":[{"start":{"line":28,"column":22},"end":{"line":32,"column":1}}]},"10":{"type":"branch","line":32,"loc":{"start":{"line":32,"column":3},"end":{"line":41,"column":28}},"locations":[{"start":{"line":32,"column":3},"end":{"line":41,"column":28}}]},"11":{"type":"branch","line":34,"loc":{"start":{"line":34,"column":37},"end":{"line":36,"column":7}},"locations":[{"start":{"line":34,"column":37},"end":{"line":36,"column":7}}]},"12":{"type":"branch","line":37,"loc":{"start":{"line":37,"column":29},"end":{"line":40,"column":31}},"locations":[{"start":{"line":37,"column":29},"end":{"line":40,"column":31}}]},"13":{"type":"branch","line":41,"loc":{"start":{"line":41,"column":28},"end":{"line":62,"column":6}},"locations":[{"start":{"line":41,"column":28},"end":{"line":62,"column":6}}]},"14":{"type":"branch","line":49,"loc":{"start":{"line":49,"column":22},"end":{"line":60,"column":4}},"locations":[{"start":{"line":49,"column":22},"end":{"line":60,"column":4}}]},"15":{"type":"branch","line":51,"loc":{"start":{"line":51,"column":23},"end":{"line":55,"column":19}},"locations":[{"start":{"line":51,"column":23},"end":{"line":55,"column":19}}]},"16":{"type":"branch","line":56,"loc":{"start":{"line":56,"column":1},"end":{"line":59,"column":0}},"locations":[{"start":{"line":56,"column":1},"end":{"line":59,"column":0}}]},"17":{"type":"branch","line":57,"loc":{"start":{"line":57,"column":6},"end":{"line":58,"column":24}},"locations":[{"start":{"line":57,"column":6},"end":{"line":58,"column":24}}]},"18":{"type":"branch","line":63,"loc":{"start":{"line":63,"column":47},"end":{"line":66,"column":25}},"locations":[{"start":{"line":63,"column":47},"end":{"line":66,"column":25}}]},"19":{"type":"branch","line":67,"loc":{"start":{"line":67,"column":24},"end":{"line":75,"column":1}},"locations":[{"start":{"line":67,"column":24},"end":{"line":75,"column":1}}]}},"b":{"0":[1],"1":[1],"2":[1],"3":[12],"4":[1],"5":[1],"6":[0],"7":[1],"8":[12],"9":[11],"10":[7],"11":[5],"12":[3],"13":[5],"14":[4],"15":[3],"16":[2],"17":[0],"18":[10],"19":[4]},"fnMap":{"0":{"name":"Object.<anonymous>","decl":{"start":{"line":1,"column":0},"end":{"line":75,"column":1}},"loc":{"start":{"line":1,"column":0},"end":{"line":75,"column":1}},"line":1},"1":{"name":"Item","decl":{"start":{"line":9,"column":4},"end":{"line":17,"column":9}},"loc":{"start":{"line":9,"column":4},"end":{"line":17,"column":9}},"line":9},"2":{"name":"GildedRose","decl":{"start":{"line":22,"column":18},"end":{"line":23,"column":26}},"loc":{"start":{"line":22,"column":18},"end":{"line":23,"column":26}},"line":22},"3":{"name":"Object.<anonymous>.GildedRose.updateQuality","decl":{"start":{"line":24,"column":36},"end":{"line":75,"column":1}},"loc":{"start":{"line":24,"column":36},"end":{"line":75,"column":1}},"line":24}},"f":{"0":1,"1":12,"2":1,"3":1}}
}
