TN:
SF:app/gilded-rose.ts
FN:1,Object.<anonymous>
FN:9,Item
FN:22,GildedRose
FN:24,Object.<anonymous>.GildedRose.updateQuality
FNF:4
FNH:4
FNDA:1,Object.<anonymous>
FNDA:12,Item
FNDA:1,GildedRose
FNDA:1,Object.<anonymous>.GildedRose.updateQuality
DA:1,1
DA:2,1
DA:3,1
DA:4,1
DA:5,1
DA:6,1
DA:7,1
DA:8,1
DA:9,1
DA:10,12
DA:11,12
DA:12,12
DA:13,12
DA:14,12
DA:15,12
DA:16,12
DA:17,1
DA:18,1
DA:19,1
DA:20,1
DA:21,1
DA:22,1
DA:23,1
DA:24,1
DA:25,1
DA:26,1
DA:27,12
DA:28,12
DA:29,11
DA:30,11
DA:31,11
DA:32,12
DA:33,7
DA:34,7
DA:35,5
DA:36,7
DA:37,7
DA:38,3
DA:39,3
DA:40,7
DA:41,12
DA:42,5
DA:43,5
DA:44,5
DA:45,5
DA:46,5
DA:47,5
DA:48,5
DA:49,5
DA:50,4
DA:51,4
DA:52,3
DA:53,3
DA:54,3
DA:55,4
DA:56,4
DA:57,2
DA:58,2
DA:59,4
DA:60,5
DA:61,5
DA:62,12
DA:63,12
DA:64,10
DA:65,10
DA:66,12
DA:67,12
DA:68,4
DA:69,4
DA:70,4
DA:71,4
DA:72,4
DA:73,4
DA:74,4
DA:75,4
LF:75
LH:75
BRDA:1,0,0,1
BRDA:1,1,0,1
BRDA:8,2,0,1
BRDA:9,3,0,12
BRDA:22,4,0,1
BRDA:22,5,0,1
BRDA:22,6,0,0
BRDA:24,7,0,1
BRDA:27,8,0,12
BRDA:28,9,0,11
BRDA:32,10,0,7
BRDA:34,11,0,5
BRDA:37,12,0,3
BRDA:41,13,0,5
BRDA:49,14,0,4
BRDA:51,15,0,3
BRDA:56,16,0,2
BRDA:57,17,0,0
BRDA:63,18,0,10
BRDA:67,19,0,4
BRF:20
BRH:18
end_of_record
